Using pre-set license
Built from '2020.3/staging' branch; Version is '2020.3.4f1 (0abb6314276a) revision 703331'; Using compiler version '192528614'; Build Type 'Release'
OS: 'Windows 10 Home; OS build 22581.1; Version 2009; 64bit' Language: 'en' Physical Memory: 8099 MB
BatchMode: 1, IsHumanControllingUs: 0, StartBugReporterOnCrash: 0, Is64bit: 1, IsPro: 0

 COMMAND LINE ARGUMENTS:
C:\Users\conno\2020.3.4f1\Editor\Unity.exe
-adb2
-batchMode
-noUpm
-name
AssetImportWorker0
-projectPath
C:/Users/conno/GrimPickings_2020.3.20f1/Virtual_BoardGame/GrimPickings
-logFile
Logs/AssetImportWorker0.log
-srvPort
58017
Successfully changed project path to: C:/Users/conno/GrimPickings_2020.3.20f1/Virtual_BoardGame/GrimPickings
C:/Users/conno/GrimPickings_2020.3.20f1/Virtual_BoardGame/GrimPickings
Using Asset Import Pipeline V2.
Refreshing native plugins compatible for Editor in 41.67 ms, found 3 plugins.
Preloading 0 native plugins for Editor in 0.00 ms.
Initialize engine version: 2020.3.4f1 (0abb6314276a)
[Subsystems] Discovering subsystems at path C:/Users/conno/2020.3.4f1/Editor/Data/Resources/UnitySubsystems
[Subsystems] Discovering subsystems at path C:/Users/conno/GrimPickings_2020.3.20f1/Virtual_BoardGame/GrimPickings/Assets
GfxDevice: creating device client; threaded=0
Direct3D:
    Version:  Direct3D 11.0 [level 11.1]
    Renderer: NVIDIA GeForce GTX 1660 Ti (ID=0x2191)
    Vendor:   
    VRAM:     5991 MB
    Driver:   27.21.14.5749
Initialize mono
Mono path[0] = 'C:/Users/conno/2020.3.4f1/Editor/Data/Managed'
Mono path[1] = 'C:/Users/conno/2020.3.4f1/Editor/Data/MonoBleedingEdge/lib/mono/unityjit'
Mono config path = 'C:/Users/conno/2020.3.4f1/Editor/Data/MonoBleedingEdge/etc'
Using monoOptions --debugger-agent=transport=dt_socket,embedding=1,server=y,suspend=n,address=127.0.0.1:56396
Begin MonoManager ReloadAssembly
Registering precompiled unity dll's ...
Register platform support module: C:/Users/conno/2020.3.4f1/Editor/Data/PlaybackEngines/WebGLSupport/UnityEditor.WebGL.Extensions.dll
Register platform support module: C:/Users/conno/2020.3.4f1/Editor/Data/PlaybackEngines/WindowsStandaloneSupport/UnityEditor.WindowsStandalone.Extensions.dll
Registered in 0.003401 seconds.
Native extension for WindowsStandalone target not found
Native extension for WebGL target not found
Refreshing native plugins compatible for Editor in 36.59 ms, found 3 plugins.
Preloading 0 native plugins for Editor in 0.00 ms.
Mono: successfully reloaded assembly
- Completed reload, in  6.036 seconds
Platform modules already initialized, skipping
Registering precompiled user dll's ...
Registered in 0.007065 seconds.
Begin MonoManager ReloadAssembly
Native extension for WindowsStandalone target not found
Native extension for WebGL target not found
Refreshing native plugins compatible for Editor in 34.59 ms, found 3 plugins.
Preloading 0 native plugins for Editor in 0.00 ms.
Mono: successfully reloaded assembly
- Completed reload, in  1.105 seconds
Platform modules already initialized, skipping
========================================================================
Worker process is ready to serve import requests
Launched and connected shader compiler UnityShaderCompiler.exe after 0.06 seconds
Refreshing native plugins compatible for Editor in 0.96 ms, found 3 plugins.
Preloading 0 native plugins for Editor in 0.00 ms.
Unloading 2115 Unused Serialized files (Serialized files now loaded: 0)
System memory in use before: 95.6 MB.
System memory in use after: 95.6 MB.

Unloading 26 unused Assets to reduce memory usage. Loaded Objects now: 2556.
Total: 3.326000 ms (FindLiveObjects: 0.590400 ms CreateObjectMapping: 0.252400 ms MarkObjects: 2.421200 ms  DeleteObjects: 0.061000 ms)

========================================================================
Received Import Request.
  path: Assets/Scripts/PlayerMovement.cs
  artifactKey: Guid(4eff332a653bc634d8307857d8be53de) Importer(815301076,1909f56bfc062723c751e8b465ee728b)
Start importing Assets/Scripts/PlayerMovement.cs using Guid(4eff332a653bc634d8307857d8be53de) Importer(815301076,1909f56bfc062723c751e8b465ee728b)  -> (artifact id: '96bf9545435281868c2726f771ae107a') in 0.040764 seconds
  Import took 0.045323 seconds .

========================================================================
Received Import Request.
  Time since last request: 0.000480 seconds.
  path: Assets/Scripts
  artifactKey: Guid(6e400877c4ae3ce4891da050e28cf2e4) Importer(815301076,1909f56bfc062723c751e8b465ee728b)
Start importing Assets/Scripts using Guid(6e400877c4ae3ce4891da050e28cf2e4) Importer(815301076,1909f56bfc062723c751e8b465ee728b)  -> (artifact id: '984ba20f11d11b259e9e46ff131729ad') in 0.005816 seconds
  Import took 0.009149 seconds .

========================================================================
Received Import Request.
  Time since last request: 129.924796 seconds.
  path: Assets/Scripts/DiceScript.cs
  artifactKey: Guid(bc5e463951acdad4396dbfe86df0f604) Importer(815301076,1909f56bfc062723c751e8b465ee728b)
Start importing Assets/Scripts/DiceScript.cs using Guid(bc5e463951acdad4396dbfe86df0f604) Importer(815301076,1909f56bfc062723c751e8b465ee728b)  -> (artifact id: '4ff043dceb5f33b176b0913048b2f219') in 0.008138 seconds
  Import took 0.012278 seconds .

========================================================================
Received Import Request.
  Time since last request: 31.689701 seconds.
  path: Assets/Scripts/HexScript.cs
  artifactKey: Guid(d6c562b3773022840a27450da5698c97) Importer(815301076,1909f56bfc062723c751e8b465ee728b)
Start importing Assets/Scripts/HexScript.cs using Guid(d6c562b3773022840a27450da5698c97) Importer(815301076,1909f56bfc062723c751e8b465ee728b)  -> (artifact id: 'e8870233f7dd9c5d22a6f5934630eb3a') in 0.009064 seconds
  Import took 0.013924 seconds .

========================================================================
Received Import Request.
  Time since last request: 3.956540 seconds.
  path: Assets/Scripts/GameController.cs
  artifactKey: Guid(197f31cabd254f745a2a3733949cb8ef) Importer(815301076,1909f56bfc062723c751e8b465ee728b)
Start importing Assets/Scripts/GameController.cs using Guid(197f31cabd254f745a2a3733949cb8ef) Importer(815301076,1909f56bfc062723c751e8b465ee728b)  -> (artifact id: 'b5e348a5a432a5058baf05f9eee11dfc') in 0.009354 seconds
  Import took 0.013580 seconds .

========================================================================
Received Import Request.
  Time since last request: 4339.311835 seconds.
  path: Assets/Scripts/CardController.cs
  artifactKey: Guid(19c6b77f0f934c74fa849b96cdde1e51) Importer(815301076,1909f56bfc062723c751e8b465ee728b)
Start importing Assets/Scripts/CardController.cs using Guid(19c6b77f0f934c74fa849b96cdde1e51) Importer(815301076,1909f56bfc062723c751e8b465ee728b)  -> (artifact id: 'afe09f939af36f92a2b712996115e3fd') in 0.017707 seconds
  Import took 0.054389 seconds .

========================================================================
Received Import Request.
  Time since last request: 11.482087 seconds.
  path: Assets/Scripts/Deck.cs
  artifactKey: Guid(68dd427a03e34b946898423b4ff1d285) Importer(815301076,1909f56bfc062723c751e8b465ee728b)
Start importing Assets/Scripts/Deck.cs using Guid(68dd427a03e34b946898423b4ff1d285) Importer(815301076,1909f56bfc062723c751e8b465ee728b)  -> (artifact id: 'e964b3d99601a4878543a7bec4d6a342') in 0.010640 seconds
  Import took 0.014485 seconds .

========================================================================
Received Import Request.
  Time since last request: 0.025483 seconds.
  path: Assets/Scripts/Deck.cs
  artifactKey: Guid(68dd427a03e34b946898423b4ff1d285) Importer(815301076,1909f56bfc062723c751e8b465ee728b)
Start importing Assets/Scripts/Deck.cs using Guid(68dd427a03e34b946898423b4ff1d285) Importer(815301076,1909f56bfc062723c751e8b465ee728b)  -> (artifact id: 'e964b3d99601a4878543a7bec4d6a342') in 0.005294 seconds
  Import took 0.042299 seconds .

========================================================================
Received Import Request.
  Time since last request: 10.854235 seconds.
  path: Assets/Scripts/GridCreation.cs
  artifactKey: Guid(e49920d7680662c47a4fbd831f6b1bb9) Importer(815301076,1909f56bfc062723c751e8b465ee728b)
Start importing Assets/Scripts/GridCreation.cs using Guid(e49920d7680662c47a4fbd831f6b1bb9) Importer(815301076,1909f56bfc062723c751e8b465ee728b)  -> (artifact id: 'e3a7bdb077e72ba91649a84be4b11683') in 0.009133 seconds
  Import took 0.013716 seconds .

========================================================================
Received Import Request.
  Time since last request: 16.117295 seconds.
  path: Assets/Scripts/SideMenu
  artifactKey: Guid(bf3c7e5e81dcc7e4ab0d9581af4d2177) Importer(815301076,1909f56bfc062723c751e8b465ee728b)
Start importing Assets/Scripts/SideMenu using Guid(bf3c7e5e81dcc7e4ab0d9581af4d2177) Importer(815301076,1909f56bfc062723c751e8b465ee728b)  -> (artifact id: 'a99fa14df6751e64011116d868e81213') in 0.009808 seconds
  Import took 0.015774 seconds .

========================================================================
Received Import Request.
  Time since last request: 0.873906 seconds.
  path: Assets/Scripts/SideMenu/PlayerMenu.cs
  artifactKey: Guid(d9d60cf72c36b2a4e800808caad98658) Importer(815301076,1909f56bfc062723c751e8b465ee728b)
Start importing Assets/Scripts/SideMenu/PlayerMenu.cs using Guid(d9d60cf72c36b2a4e800808caad98658) Importer(815301076,1909f56bfc062723c751e8b465ee728b)  -> (artifact id: '07def366427d9f7b027de7f3322e49a1') in 0.007867 seconds
  Import took 0.012117 seconds .

========================================================================
Received Import Request.
  Time since last request: 0.001362 seconds.
  path: Assets/Scripts/SideMenu/PlayerMenu.cs
  artifactKey: Guid(d9d60cf72c36b2a4e800808caad98658) Importer(815301076,1909f56bfc062723c751e8b465ee728b)
Start importing Assets/Scripts/SideMenu/PlayerMenu.cs using Guid(d9d60cf72c36b2a4e800808caad98658) Importer(815301076,1909f56bfc062723c751e8b465ee728b)  -> (artifact id: '07def366427d9f7b027de7f3322e49a1') in 0.002545 seconds
  Import took 0.005805 seconds .

========================================================================
Received Import Request.
  Time since last request: 3.003302 seconds.
  path: Assets/CardAnimationScript.cs
  artifactKey: Guid(14e97827c35f8a244b40af2124f0eed3) Importer(815301076,1909f56bfc062723c751e8b465ee728b)
Start importing Assets/CardAnimationScript.cs using Guid(14e97827c35f8a244b40af2124f0eed3) Importer(815301076,1909f56bfc062723c751e8b465ee728b)  -> (artifact id: '1f40b6af8435622537ba41f7b4476521') in 0.006996 seconds
  Import took 0.010804 seconds .

========================================================================
Received Prepare
Registering precompiled user dll's ...
Registered in 0.240793 seconds.
Begin MonoManager ReloadAssembly
Native extension for WindowsStandalone target not found
Native extension for WebGL target not found
Refreshing native plugins compatible for Editor in 1.24 ms, found 3 plugins.
Preloading 0 native plugins for Editor in 0.00 ms.
Mono: successfully reloaded assembly
- Completed reload, in  6.186 seconds
Platform modules already initialized, skipping
Refreshing native plugins compatible for Editor in 0.44 ms, found 3 plugins.
Preloading 0 native plugins for Editor in 0.00 ms.
Unloading 2092 Unused Serialized files (Serialized files now loaded: 0)
System memory in use before: 93.8 MB.
System memory in use after: 93.9 MB.

Unloading 14 unused Assets to reduce memory usage. Loaded Objects now: 2559.
Total: 7.228000 ms (FindLiveObjects: 1.060000 ms CreateObjectMapping: 0.225800 ms MarkObjects: 5.791100 ms  DeleteObjects: 0.148800 ms)

========================================================================
Received Import Request.
  Time since last request: 43392.495276 seconds.
  path: Assets/Scripts/FireScript.cs
  artifactKey: Guid(aff9bfb98cdc0e5479ab614638b4d8b6) Importer(815301076,1909f56bfc062723c751e8b465ee728b)
Start importing Assets/Scripts/FireScript.cs using Guid(aff9bfb98cdc0e5479ab614638b4d8b6) Importer(815301076,1909f56bfc062723c751e8b465ee728b)  -> (artifact id: '1f904f452053aaba0909331d3a4c192e') in 0.010373 seconds
  Import took 0.014107 seconds .

========================================================================
Received Prepare
Registering precompiled user dll's ...
Registered in 0.005143 seconds.
Begin MonoManager ReloadAssembly
Native extension for WindowsStandalone target not found
Native extension for WebGL target not found
Refreshing native plugins compatible for Editor in 0.74 ms, found 3 plugins.
Preloading 0 native plugins for Editor in 0.00 ms.
Mono: successfully reloaded assembly
- Completed reload, in  1.228 seconds
Platform modules already initialized, skipping
Refreshing native plugins compatible for Editor in 0.95 ms, found 3 plugins.
Preloading 0 native plugins for Editor in 0.00 ms.
Unloading 2093 Unused Serialized files (Serialized files now loaded: 0)
System memory in use before: 93.8 MB.
System memory in use after: 93.9 MB.

Unloading 14 unused Assets to reduce memory usage. Loaded Objects now: 2563.
Total: 4.323100 ms (FindLiveObjects: 0.428100 ms CreateObjectMapping: 0.179200 ms MarkObjects: 3.682000 ms  DeleteObjects: 0.032000 ms)

========================================================================
Received Import Request.
  Time since last request: 876.383912 seconds.
  path: Assets/Scripts/FireScript.cs
  artifactKey: Guid(aff9bfb98cdc0e5479ab614638b4d8b6) Importer(815301076,1909f56bfc062723c751e8b465ee728b)
Start importing Assets/Scripts/FireScript.cs using Guid(aff9bfb98cdc0e5479ab614638b4d8b6) Importer(815301076,1909f56bfc062723c751e8b465ee728b)  -> (artifact id: '156bc1054fa14ab6981fbeda4bd1d8aa') in 0.013784 seconds
  Import took 0.018959 seconds .

========================================================================
Received Prepare
Registering precompiled user dll's ...
Registered in 0.005773 seconds.
Begin MonoManager ReloadAssembly
Native extension for WindowsStandalone target not found
Native extension for WebGL target not found
Refreshing native plugins compatible for Editor in 0.75 ms, found 3 plugins.
Preloading 0 native plugins for Editor in 0.00 ms.
Mono: successfully reloaded assembly
- Completed reload, in  1.241 seconds
Platform modules already initialized, skipping
Refreshing native plugins compatible for Editor in 0.43 ms, found 3 plugins.
Preloading 0 native plugins for Editor in 0.00 ms.
Unloading 2093 Unused Serialized files (Serialized files now loaded: 0)
System memory in use before: 93.9 MB.
System memory in use after: 94.0 MB.

Unloading 14 unused Assets to reduce memory usage. Loaded Objects now: 2566.
Total: 2.552900 ms (FindLiveObjects: 0.338300 ms CreateObjectMapping: 0.121300 ms MarkObjects: 2.070400 ms  DeleteObjects: 0.021800 ms)

========================================================================
Received Import Request.
  Time since last request: 225.981760 seconds.
  path: Packages/com.unity.2d.sprite/Editor/ObjectMenuCreation/DefaultAssets/Textures/9-Sliced.png
  artifactKey: Guid(71ebafeef3c03457483266a33ab2b270) Importer(815301076,1909f56bfc062723c751e8b465ee728b)
Start importing Packages/com.unity.2d.sprite/Editor/ObjectMenuCreation/DefaultAssets/Textures/9-Sliced.png using Guid(71ebafeef3c03457483266a33ab2b270) Importer(815301076,1909f56bfc062723c751e8b465ee728b)  -> (artifact id: '13986ec3d67d269891cd5ee24bfaacc7') in 0.186456 seconds
  Import took 0.191852 seconds .

========================================================================
Received Import Request.
  Time since last request: 0.000284 seconds.
  path: Packages/com.unity.2d.sprite/Editor/ObjectMenuCreation/DefaultAssets/Textures/HexagonPointed-Top.png
  artifactKey: Guid(eed45a33cd08446c8b88325cf82fc52f) Importer(815301076,1909f56bfc062723c751e8b465ee728b)
Start importing Packages/com.unity.2d.sprite/Editor/ObjectMenuCreation/DefaultAssets/Textures/HexagonPointed-Top.png using Guid(eed45a33cd08446c8b88325cf82fc52f) Importer(815301076,1909f56bfc062723c751e8b465ee728b)  -> (artifact id: '28914dffe7a7cd4015779edb24917484') in 0.020734 seconds
  Import took 0.024672 seconds .

========================================================================
Received Import Request.
  Time since last request: 0.000402 seconds.
  path: Packages/com.unity.2d.sprite/Editor/ObjectMenuCreation/DefaultAssets/Textures/HexagonPointed-TopWithBorder.png
  artifactKey: Guid(4b2a04fdbe0ef4d8da8f90eaca817cd1) Importer(815301076,1909f56bfc062723c751e8b465ee728b)
Start importing Packages/com.unity.2d.sprite/Editor/ObjectMenuCreation/DefaultAssets/Textures/HexagonPointed-TopWithBorder.png using Guid(4b2a04fdbe0ef4d8da8f90eaca817cd1) Importer(815301076,1909f56bfc062723c751e8b465ee728b)  -> (artifact id: '15971c319c92eda09c9948c4c384445e') in 0.031523 seconds
  Import took 0.036299 seconds .

========================================================================
Received Import Request.
  Time since last request: 0.000336 seconds.
  path: Packages/com.unity.2d.sprite/Editor/ObjectMenuCreation/DefaultAssets/Textures/HexagonFlat-TopWithBorder.png
  artifactKey: Guid(a9716c16a44a94eed9b5c90fbf4d9bdd) Importer(815301076,1909f56bfc062723c751e8b465ee728b)
Start importing Packages/com.unity.2d.sprite/Editor/ObjectMenuCreation/DefaultAssets/Textures/HexagonFlat-TopWithBorder.png using Guid(a9716c16a44a94eed9b5c90fbf4d9bdd) Importer(815301076,1909f56bfc062723c751e8b465ee728b)  -> (artifact id: '290d7966136986bcd5f6dad7b51c736e') in 0.018523 seconds
  Import took 0.022530 seconds .

========================================================================
Received Import Request.
  Time since last request: 0.000262 seconds.
  path: Packages/com.unity.2d.sprite/Editor/ObjectMenuCreation/DefaultAssets/Textures/Capsule.png
  artifactKey: Guid(bd3cb4af8406d4436a2ae8c2aafe1f8d) Importer(815301076,1909f56bfc062723c751e8b465ee728b)
Start importing Packages/com.unity.2d.sprite/Editor/ObjectMenuCreation/DefaultAssets/Textures/Capsule.png using Guid(bd3cb4af8406d4436a2ae8c2aafe1f8d) Importer(815301076,1909f56bfc062723c751e8b465ee728b)  -> (artifact id: '6a7b368438781e646c8db1c4bb1e77c9') in 0.029627 seconds
  Import took 0.033014 seconds .

========================================================================
Received Import Request.
  Time since last request: 0.000246 seconds.
  path: Packages/com.unity.2d.sprite/Editor/ObjectMenuCreation/DefaultAssets/Textures/HexagonFlat-Top.png
  artifactKey: Guid(16037dbd798344f57a526d53d48f5ead) Importer(815301076,1909f56bfc062723c751e8b465ee728b)
Start importing Packages/com.unity.2d.sprite/Editor/ObjectMenuCreation/DefaultAssets/Textures/HexagonFlat-Top.png using Guid(16037dbd798344f57a526d53d48f5ead) Importer(815301076,1909f56bfc062723c751e8b465ee728b)  -> (artifact id: '9ce82a3961a8920817b6d8897b297a0e') in 0.019344 seconds
  Import took 0.022769 seconds .

========================================================================
Received Import Request.
  Time since last request: 0.000245 seconds.
  path: Packages/com.unity.2d.sprite/Editor/ObjectMenuCreation/DefaultAssets/Textures/CircleMask.png
  artifactKey: Guid(87aaca0a643d54397ba969dab4fc8875) Importer(815301076,1909f56bfc062723c751e8b465ee728b)
Start importing Packages/com.unity.2d.sprite/Editor/ObjectMenuCreation/DefaultAssets/Textures/CircleMask.png using Guid(87aaca0a643d54397ba969dab4fc8875) Importer(815301076,1909f56bfc062723c751e8b465ee728b)  -> (artifact id: '8bc3d19b4296db711abcfec6cabc0937') in 0.021856 seconds
  Import took 0.025095 seconds .

========================================================================
Received Import Request.
  Time since last request: 0.000236 seconds.
  path: Packages/com.unity.2d.sprite/Editor/ObjectMenuCreation/DefaultAssets/Textures/9-SlicedWithBorder.png
  artifactKey: Guid(cc35afd292fc349128b36a291fb3a165) Importer(815301076,1909f56bfc062723c751e8b465ee728b)
Start importing Packages/com.unity.2d.sprite/Editor/ObjectMenuCreation/DefaultAssets/Textures/9-SlicedWithBorder.png using Guid(cc35afd292fc349128b36a291fb3a165) Importer(815301076,1909f56bfc062723c751e8b465ee728b)  -> (artifact id: 'ae313484772eeb7e5582871f6c7c04f9') in 0.023586 seconds
  Import took 0.027364 seconds .

========================================================================
Received Import Request.
  Time since last request: 0.000212 seconds.
  path: Packages/com.unity.2d.sprite/Editor/ObjectMenuCreation/DefaultAssets/Textures/9-Sliced.png
  artifactKey: Guid(71ebafeef3c03457483266a33ab2b270) Importer(815301076,1909f56bfc062723c751e8b465ee728b)
Start importing Packages/com.unity.2d.sprite/Editor/ObjectMenuCreation/DefaultAssets/Textures/9-Sliced.png using Guid(71ebafeef3c03457483266a33ab2b270) Importer(815301076,1909f56bfc062723c751e8b465ee728b)  -> (artifact id: '13986ec3d67d269891cd5ee24bfaacc7') in 0.009175 seconds
  Import took 0.012352 seconds .

========================================================================
Received Import Request.
  Time since last request: 0.000207 seconds.
  path: Packages/com.unity.2d.sprite/Editor/ObjectMenuCreation/DefaultAssets/Textures/Square.png
  artifactKey: Guid(48e93eef0688c4a259cb0eddcd8661f7) Importer(815301076,1909f56bfc062723c751e8b465ee728b)
Start importing Packages/com.unity.2d.sprite/Editor/ObjectMenuCreation/DefaultAssets/Textures/Square.png using Guid(48e93eef0688c4a259cb0eddcd8661f7) Importer(815301076,1909f56bfc062723c751e8b465ee728b)  -> (artifact id: 'e63490d90ee341adb10d37534d648b42') in 0.017558 seconds
  Import took 0.020769 seconds .

========================================================================
Received Import Request.
  Time since last request: 0.000214 seconds.
  path: Packages/com.unity.2d.sprite/Editor/ObjectMenuCreation/DefaultAssets/Textures/Circle.png
  artifactKey: Guid(ebe73ca9363db456bacf42c025bb4847) Importer(815301076,1909f56bfc062723c751e8b465ee728b)
Start importing Packages/com.unity.2d.sprite/Editor/ObjectMenuCreation/DefaultAssets/Textures/Circle.png using Guid(ebe73ca9363db456bacf42c025bb4847) Importer(815301076,1909f56bfc062723c751e8b465ee728b)  -> (artifact id: '4247efaf1c2c27f706af894dc58fa0f2') in 0.022237 seconds
  Import took 0.025434 seconds .

========================================================================
Received Import Request.
  Time since last request: 0.000200 seconds.
  path: Packages/com.unity.2d.sprite/Editor/ObjectMenuCreation/DefaultAssets/Textures/CircleWithBorder.png
  artifactKey: Guid(4adeaf2d2b1c7417e89f026626d8264f) Importer(815301076,1909f56bfc062723c751e8b465ee728b)
Start importing Packages/com.unity.2d.sprite/Editor/ObjectMenuCreation/DefaultAssets/Textures/CircleWithBorder.png using Guid(4adeaf2d2b1c7417e89f026626d8264f) Importer(815301076,1909f56bfc062723c751e8b465ee728b)  -> (artifact id: '5d356d7893a87421de8317c8b01cfac5') in 0.027803 seconds
  Import took 0.031609 seconds .

========================================================================
Received Import Request.
  Time since last request: 0.000222 seconds.
  path: Packages/com.unity.2d.sprite/Editor/ObjectMenuCreation/DefaultAssets/Textures/SquareWithBorder.png
  artifactKey: Guid(db750325989564987a34393247d883b4) Importer(815301076,1909f56bfc062723c751e8b465ee728b)
Start importing Packages/com.unity.2d.sprite/Editor/ObjectMenuCreation/DefaultAssets/Textures/SquareWithBorder.png using Guid(db750325989564987a34393247d883b4) Importer(815301076,1909f56bfc062723c751e8b465ee728b)  -> (artifact id: 'dbd3a4663c476a521f9f49f58855d369') in 0.020400 seconds
  Import took 0.024179 seconds .

========================================================================
Received Import Request.
  Time since last request: 0.000204 seconds.
  path: Packages/com.unity.2d.sprite/Editor/ObjectMenuCreation/DefaultAssets/Textures/IsometricDiamond.png
  artifactKey: Guid(045b15ec09bba42448d89db77fa6f20a) Importer(815301076,1909f56bfc062723c751e8b465ee728b)
Start importing Packages/com.unity.2d.sprite/Editor/ObjectMenuCreation/DefaultAssets/Textures/IsometricDiamond.png using Guid(045b15ec09bba42448d89db77fa6f20a) Importer(815301076,1909f56bfc062723c751e8b465ee728b)  -> (artifact id: 'cca73be036ff8ad2a38ac0429ab66503') in 0.021445 seconds
  Import took 0.025611 seconds .

========================================================================
Received Import Request.
  Time since last request: 0.000209 seconds.
  path: Packages/com.unity.2d.sprite/Editor/ObjectMenuCreation/DefaultAssets/Textures/CapsuleWithBorder.png
  artifactKey: Guid(34587324d412940a79d530020c957dc0) Importer(815301076,1909f56bfc062723c751e8b465ee728b)
Start importing Packages/com.unity.2d.sprite/Editor/ObjectMenuCreation/DefaultAssets/Textures/CapsuleWithBorder.png using Guid(34587324d412940a79d530020c957dc0) Importer(815301076,1909f56bfc062723c751e8b465ee728b)  -> (artifact id: 'e0e4e5fbac562d7254de7fdabd770522') in 0.019222 seconds
  Import took 0.022860 seconds .

========================================================================
Received Import Request.
  Time since last request: 0.000203 seconds.
  path: Packages/com.unity.2d.sprite/Editor/ObjectMenuCreation/DefaultAssets/Textures/IsometricDiamondWithBorder.png
  artifactKey: Guid(0d267bc78a0864eb48358689b29ed20a) Importer(815301076,1909f56bfc062723c751e8b465ee728b)
Start importing Packages/com.unity.2d.sprite/Editor/ObjectMenuCreation/DefaultAssets/Textures/IsometricDiamondWithBorder.png using Guid(0d267bc78a0864eb48358689b29ed20a) Importer(815301076,1909f56bfc062723c751e8b465ee728b)  -> (artifact id: 'ffa2fc138ca9d9318b9437ce2ccf5895') in 0.023771 seconds
  Import took 0.027534 seconds .

========================================================================
Received Import Request.
  Time since last request: 289.203982 seconds.
  path: Assets/Art/CardBack.png
  artifactKey: Guid(0a4a792b4094da1488c60154d742144b) Importer(815301076,1909f56bfc062723c751e8b465ee728b)
Start importing Assets/Art/CardBack.png using Guid(0a4a792b4094da1488c60154d742144b) Importer(815301076,1909f56bfc062723c751e8b465ee728b)  -> (artifact id: '17089ac9fa704ecd1d63aff964bb1747') in 0.025491 seconds
  Import took 0.030311 seconds .

========================================================================
Received Import Request.
  Time since last request: 0.000328 seconds.
  path: Assets/Art/Grid/Hexagon.png
  artifactKey: Guid(83e62a5567dd95e4aa73235e56bb5236) Importer(815301076,1909f56bfc062723c751e8b465ee728b)
Start importing Assets/Art/Grid/Hexagon.png using Guid(83e62a5567dd95e4aa73235e56bb5236) Importer(815301076,1909f56bfc062723c751e8b465ee728b)  -> (artifact id: '4720390302ce7faa0a29cf4c394d24fb') in 0.050285 seconds
  Import took 0.054763 seconds .

========================================================================
Received Import Request.
  Time since last request: 0.000437 seconds.
  path: Assets/Art/CardFront.png
  artifactKey: Guid(66132fc301442874490b96fcd124d1d3) Importer(815301076,1909f56bfc062723c751e8b465ee728b)
Start importing Assets/Art/CardFront.png using Guid(66132fc301442874490b96fcd124d1d3) Importer(815301076,1909f56bfc062723c751e8b465ee728b)  -> (artifact id: '50c3548dae467343e07907d8353d26b5') in 0.026462 seconds
  Import took 0.031105 seconds .

========================================================================
Received Import Request.
  Time since last request: 0.000261 seconds.
  path: Assets/Art/Dice/d10.png
  artifactKey: Guid(d2e131521ef19d647919ad25c5a99e0a) Importer(815301076,1909f56bfc062723c751e8b465ee728b)
Start importing Assets/Art/Dice/d10.png using Guid(d2e131521ef19d647919ad25c5a99e0a) Importer(815301076,1909f56bfc062723c751e8b465ee728b)  -> (artifact id: 'db2aeea949cdb91ae2fbc8e7c534e409') in 0.027344 seconds
  Import took 0.031688 seconds .

========================================================================
Received Import Request.
  Time since last request: 0.000225 seconds.
  path: Assets/Art/Dice/d8.png
  artifactKey: Guid(69b9e8591e3eeec48b9c4a9f595ee7e6) Importer(815301076,1909f56bfc062723c751e8b465ee728b)
Start importing Assets/Art/Dice/d8.png using Guid(69b9e8591e3eeec48b9c4a9f595ee7e6) Importer(815301076,1909f56bfc062723c751e8b465ee728b)  -> (artifact id: 'a129a0e63282e607042d957b872f78fe') in 0.019030 seconds
  Import took 0.023091 seconds .

========================================================================
Received Import Request.
  Time since last request: 0.000399 seconds.
  path: Assets/Art/Dice/d12.png
  artifactKey: Guid(32685f23c3a62554fa6f45618e5bbd41) Importer(815301076,1909f56bfc062723c751e8b465ee728b)
Start importing Assets/Art/Dice/d12.png using Guid(32685f23c3a62554fa6f45618e5bbd41) Importer(815301076,1909f56bfc062723c751e8b465ee728b)  -> (artifact id: 'bb0afcf6c93363b5ab55f66d9f79552e') in 0.021066 seconds
  Import took 0.025011 seconds .

========================================================================
Received Import Request.
  Time since last request: 0.000323 seconds.
  path: Assets/Art/Dice/d4.png
  artifactKey: Guid(bb77c21de96e6fb4db4ea1f1e9874d32) Importer(815301076,1909f56bfc062723c751e8b465ee728b)
Start importing Assets/Art/Dice/d4.png using Guid(bb77c21de96e6fb4db4ea1f1e9874d32) Importer(815301076,1909f56bfc062723c751e8b465ee728b)  -> (artifact id: '1dcca4bee4ce0e40bd4bc9130305c6d8') in 0.019568 seconds
  Import took 0.022773 seconds .

========================================================================
Received Import Request.
  Time since last request: 0.000260 seconds.
  path: Assets/Art/Grid/HexOutline.png
  artifactKey: Guid(de81f4357ed2d1144b573c4e4dfd91c3) Importer(815301076,1909f56bfc062723c751e8b465ee728b)
Start importing Assets/Art/Grid/HexOutline.png using Guid(de81f4357ed2d1144b573c4e4dfd91c3) Importer(815301076,1909f56bfc062723c751e8b465ee728b)  -> (artifact id: 'b994b94bf21891d06312ce247e2a35ca') in 0.018324 seconds
  Import took 0.021994 seconds .

========================================================================
Received Import Request.
  Time since last request: 0.000217 seconds.
  path: Assets/Art/Dice/d6.png
  artifactKey: Guid(abb316b12ed360744910720e2933bc36) Importer(815301076,1909f56bfc062723c751e8b465ee728b)
Start importing Assets/Art/Dice/d6.png using Guid(abb316b12ed360744910720e2933bc36) Importer(815301076,1909f56bfc062723c751e8b465ee728b)  -> (artifact id: '959b2fa4f0c80b535f55c3423e64b4d0') in 0.017132 seconds
  Import took 0.020835 seconds .

========================================================================
Received Import Request.
  Time since last request: 0.000268 seconds.
  path: Assets/Art/Dice/d20.png
  artifactKey: Guid(ca4f67f116688da4baa2272fa22bed53) Importer(815301076,1909f56bfc062723c751e8b465ee728b)
Start importing Assets/Art/Dice/d20.png using Guid(ca4f67f116688da4baa2272fa22bed53) Importer(815301076,1909f56bfc062723c751e8b465ee728b)  -> (artifact id: '5e15e8b5b78f5f25b90a5eb031cf62bd') in 0.020536 seconds
  Import took 0.023924 seconds .

========================================================================
Received Prepare
Registering precompiled user dll's ...
Registered in 0.005626 seconds.
Begin MonoManager ReloadAssembly
Native extension for WindowsStandalone target not found
Native extension for WebGL target not found
Refreshing native plugins compatible for Editor in 0.44 ms, found 3 plugins.
Preloading 0 native plugins for Editor in 0.00 ms.
Mono: successfully reloaded assembly
- Completed reload, in  0.987 seconds
Platform modules already initialized, skipping
Refreshing native plugins compatible for Editor in 0.43 ms, found 3 plugins.
Preloading 0 native plugins for Editor in 0.00 ms.
Unloading 2093 Unused Serialized files (Serialized files now loaded: 0)
System memory in use before: 96.8 MB.
System memory in use after: 97.0 MB.

Unloading 14 unused Assets to reduce memory usage. Loaded Objects now: 2589.
Total: 2.634500 ms (FindLiveObjects: 0.296300 ms CreateObjectMapping: 0.189400 ms MarkObjects: 2.110500 ms  DeleteObjects: 0.037300 ms)

========================================================================
Received Prepare
Registering precompiled user dll's ...
Registered in 0.003366 seconds.
Begin MonoManager ReloadAssembly
Native extension for WindowsStandalone target not found
Native extension for WebGL target not found
Refreshing native plugins compatible for Editor in 0.42 ms, found 3 plugins.
Preloading 0 native plugins for Editor in 0.00 ms.
Mono: successfully reloaded assembly
- Completed reload, in  0.957 seconds
Platform modules already initialized, skipping
Refreshing native plugins compatible for Editor in 0.51 ms, found 3 plugins.
Preloading 0 native plugins for Editor in 0.00 ms.
Unloading 2093 Unused Serialized files (Serialized files now loaded: 0)
System memory in use before: 96.9 MB.
System memory in use after: 97.0 MB.

Unloading 14 unused Assets to reduce memory usage. Loaded Objects now: 2592.
Total: 2.383500 ms (FindLiveObjects: 0.304700 ms CreateObjectMapping: 0.106500 ms MarkObjects: 1.935700 ms  DeleteObjects: 0.035100 ms)

========================================================================
Received Prepare
Registering precompiled user dll's ...
Registered in 0.003680 seconds.
Begin MonoManager ReloadAssembly
Native extension for WindowsStandalone target not found
Native extension for WebGL target not found
Refreshing native plugins compatible for Editor in 0.52 ms, found 3 plugins.
Preloading 0 native plugins for Editor in 0.00 ms.
Mono: successfully reloaded assembly
- Completed reload, in  1.139 seconds
Platform modules already initialized, skipping
Refreshing native plugins compatible for Editor in 0.45 ms, found 3 plugins.
Preloading 0 native plugins for Editor in 0.00 ms.
Unloading 2093 Unused Serialized files (Serialized files now loaded: 0)
System memory in use before: 96.9 MB.
System memory in use after: 97.0 MB.

Unloading 14 unused Assets to reduce memory usage. Loaded Objects now: 2595.
Total: 2.642400 ms (FindLiveObjects: 0.399600 ms CreateObjectMapping: 0.120500 ms MarkObjects: 2.093000 ms  DeleteObjects: 0.026900 ms)

========================================================================
Received Import Request.
  Time since last request: 39271.806160 seconds.
  path: Packages/com.unity.2d.sprite
  artifactKey: Guid(0901a6b758d060e9422c4f8d588d5895) Importer(815301076,1909f56bfc062723c751e8b465ee728b)
Start importing Packages/com.unity.2d.sprite using Guid(0901a6b758d060e9422c4f8d588d5895) Importer(815301076,1909f56bfc062723c751e8b465ee728b)  -> (artifact id: '1a4550cb1053c6945b397b6e75ed8816') in 0.011451 seconds
  Import took 0.017944 seconds .

========================================================================
Received Import Request.
  Time since last request: 0.000636 seconds.
  path: Packages/com.unity.2d.animation
  artifactKey: Guid(bb5c94055a953b6081dfc49350569eb1) Importer(815301076,1909f56bfc062723c751e8b465ee728b)
Start importing Packages/com.unity.2d.animation using Guid(bb5c94055a953b6081dfc49350569eb1) Importer(815301076,1909f56bfc062723c751e8b465ee728b)  -> (artifact id: '4ebf617f72b04a560be7d928c5e98e92') in 0.005767 seconds
  Import took 0.021383 seconds .

========================================================================
Received Import Request.
  Time since last request: 0.146132 seconds.
  path: Packages/com.unity.2d.spriteshape
  artifactKey: Guid(9f9e809966b8f16f626c5fa29105d97a) Importer(815301076,1909f56bfc062723c751e8b465ee728b)
Start importing Packages/com.unity.2d.spriteshape using Guid(9f9e809966b8f16f626c5fa29105d97a) Importer(815301076,1909f56bfc062723c751e8b465ee728b)  -> (artifact id: '6ef797134ded028ab06ef5a2d0bc4a75') in 0.006032 seconds
  Import took 0.009659 seconds .

========================================================================
Received Import Request.
  Time since last request: 0.309737 seconds.
  path: Packages/com.unity.ext.nunit
  artifactKey: Guid(25a477c2f24db8778a4179421a32cc21) Importer(815301076,1909f56bfc062723c751e8b465ee728b)
Start importing Packages/com.unity.ext.nunit using Guid(25a477c2f24db8778a4179421a32cc21) Importer(815301076,1909f56bfc062723c751e8b465ee728b)  -> (artifact id: 'b845f8da7db4d2c0bf802e9575a41731') in 0.007357 seconds
  Import took 0.010985 seconds .

========================================================================
Received Import Request.
  Time since last request: 1.271281 seconds.
  path: Packages/com.unity.ide.rider
  artifactKey: Guid(ea5aa18a49e4f29d74984ea0ea11a238) Importer(815301076,1909f56bfc062723c751e8b465ee728b)
Start importing Packages/com.unity.ide.rider using Guid(ea5aa18a49e4f29d74984ea0ea11a238) Importer(815301076,1909f56bfc062723c751e8b465ee728b)  -> (artifact id: 'a63df6be3ac0c7f34e2cb8920c161510') in 0.006808 seconds
  Import took 0.010474 seconds .

========================================================================
Received Import Request.
  Time since last request: 0.489616 seconds.
  path: Packages/com.unity.mathematics
  artifactKey: Guid(795e97ad99e2f6ffd2060ae1983b6f25) Importer(815301076,1909f56bfc062723c751e8b465ee728b)
Start importing Packages/com.unity.mathematics using Guid(795e97ad99e2f6ffd2060ae1983b6f25) Importer(815301076,1909f56bfc062723c751e8b465ee728b)  -> (artifact id: 'be2faad79a53bb3e0f22b850d347c269') in 0.006925 seconds
  Import took 0.010275 seconds .

========================================================================
Received Import Request.
  Time since last request: 0.000319 seconds.
  path: Packages/com.unity.mathematics
  artifactKey: Guid(795e97ad99e2f6ffd2060ae1983b6f25) Importer(815301076,1909f56bfc062723c751e8b465ee728b)
Start importing Packages/com.unity.mathematics using Guid(795e97ad99e2f6ffd2060ae1983b6f25) Importer(815301076,1909f56bfc062723c751e8b465ee728b)  -> (artifact id: 'be2faad79a53bb3e0f22b850d347c269') in 0.003168 seconds
  Import took 0.007162 seconds .

========================================================================
Received Import Request.
  Time since last request: 0.332167 seconds.
  path: Packages/com.unity.test-framework
  artifactKey: Guid(6023f2b823fc19b4e4a90875281ff117) Importer(815301076,1909f56bfc062723c751e8b465ee728b)
Start importing Packages/com.unity.test-framework using Guid(6023f2b823fc19b4e4a90875281ff117) Importer(815301076,1909f56bfc062723c751e8b465ee728b)  -> (artifact id: 'af221eb339635bee7f5d7bd09db77584') in 0.005848 seconds
  Import took 0.009830 seconds .

========================================================================
Received Import Request.
  Time since last request: 0.000599 seconds.
  path: Packages/com.unity.test-framework
  artifactKey: Guid(6023f2b823fc19b4e4a90875281ff117) Importer(815301076,1909f56bfc062723c751e8b465ee728b)
Start importing Packages/com.unity.test-framework using Guid(6023f2b823fc19b4e4a90875281ff117) Importer(815301076,1909f56bfc062723c751e8b465ee728b)  -> (artifact id: 'af221eb339635bee7f5d7bd09db77584') in 0.003637 seconds
  Import took 0.007933 seconds .

========================================================================
Received Import Request.
  Time since last request: 0.348786 seconds.
  path: Packages/com.unity.textmeshpro
  artifactKey: Guid(cabaa672b0e3ee91fa7b6da4daab7970) Importer(815301076,1909f56bfc062723c751e8b465ee728b)
Start importing Packages/com.unity.textmeshpro using Guid(cabaa672b0e3ee91fa7b6da4daab7970) Importer(815301076,1909f56bfc062723c751e8b465ee728b)  -> (artifact id: '239a33b2b81c05d569cf7b03c1bb69db') in 0.007100 seconds
  Import took 0.011546 seconds .

========================================================================
Received Import Request.
  Time since last request: 0.726602 seconds.
  path: Packages/com.unity.timeline
  artifactKey: Guid(a4610cf559d77b9f256416d9ccaeac55) Importer(815301076,1909f56bfc062723c751e8b465ee728b)
Start importing Packages/com.unity.timeline using Guid(a4610cf559d77b9f256416d9ccaeac55) Importer(815301076,1909f56bfc062723c751e8b465ee728b)  -> (artifact id: '2d2cb8500cb7d73ccf5e97a479ef1fa7') in 0.013315 seconds
  Import took 0.017112 seconds .

========================================================================
Received Import Request.
  Time since last request: 0.064464 seconds.
  path: Packages/com.unity.timeline/package.json
  artifactKey: Guid(13a9c1b4df2e489e8eb9cacca7429596) Importer(815301076,1909f56bfc062723c751e8b465ee728b)
Start importing Packages/com.unity.timeline/package.json using Guid(13a9c1b4df2e489e8eb9cacca7429596) Importer(815301076,1909f56bfc062723c751e8b465ee728b)  -> (artifact id: '4164874d1c02bfb80520315112bb5fca') in 0.048453 seconds
  Import took 0.051964 seconds .

========================================================================
Received Import Request.
  Time since last request: 7.151421 seconds.
  path: Assets/Scenes/ExploreBoard.unity
  artifactKey: Guid(2cda990e2423bbf4892e6590ba056729) Importer(815301076,1909f56bfc062723c751e8b465ee728b)
Start importing Assets/Scenes/ExploreBoard.unity using Guid(2cda990e2423bbf4892e6590ba056729) Importer(815301076,1909f56bfc062723c751e8b465ee728b)  -> (artifact id: '23f74945de1edc10246474a8e9adc3ae') in 0.009376 seconds
  Import took 0.013270 seconds .

========================================================================
Received Import Request.
  Time since last request: 0.002551 seconds.
  path: Assets/Scenes/ExploreBoard.unity
  artifactKey: Guid(2cda990e2423bbf4892e6590ba056729) Importer(815301076,1909f56bfc062723c751e8b465ee728b)
Start importing Assets/Scenes/ExploreBoard.unity using Guid(2cda990e2423bbf4892e6590ba056729) Importer(815301076,1909f56bfc062723c751e8b465ee728b)  -> (artifact id: '23f74945de1edc10246474a8e9adc3ae') in 0.003523 seconds
  Import took 0.007531 seconds .

========================================================================
Received Import Request.
  Time since last request: 2.192353 seconds.
  path: Assets/Scenes/ExploreBoard 1.unity
  artifactKey: Guid(9ca44439d5b08cc4295f16829860a0b6) Importer(815301076,1909f56bfc062723c751e8b465ee728b)
Start importing Assets/Scenes/ExploreBoard 1.unity using Guid(9ca44439d5b08cc4295f16829860a0b6) Importer(815301076,1909f56bfc062723c751e8b465ee728b)  -> (artifact id: '8aa4755563c7253de89d2c6852f13b2f') in 0.007468 seconds
  Import took 0.011838 seconds .

========================================================================
Received Import Request.
  Time since last request: 5.468864 seconds.
  path: Assets/Scenes/Demo.unity
  artifactKey: Guid(9ca44439d5b08cc4295f16829860a0b6) Importer(815301076,1909f56bfc062723c751e8b465ee728b)
Start importing Assets/Scenes/Demo.unity using Guid(9ca44439d5b08cc4295f16829860a0b6) Importer(815301076,1909f56bfc062723c751e8b465ee728b)  -> (artifact id: 'c782e19640fc2924820398a2fe448772') in 0.006591 seconds
  Import took 0.010299 seconds .

========================================================================
Received Prepare
Registering precompiled user dll's ...
Registered in 0.008419 seconds.
Begin MonoManager ReloadAssembly
Native extension for WindowsStandalone target not found
Native extension for WebGL target not found
Refreshing native plugins compatible for Editor in 0.41 ms, found 3 plugins.
Preloading 0 native plugins for Editor in 0.00 ms.
Mono: successfully reloaded assembly
- Completed reload, in  0.937 seconds
Platform modules already initialized, skipping
Refreshing native plugins compatible for Editor in 0.42 ms, found 3 plugins.
Preloading 0 native plugins for Editor in 0.00 ms.
Unloading 2093 Unused Serialized files (Serialized files now loaded: 0)
System memory in use before: 96.9 MB.
System memory in use after: 97.0 MB.

Unloading 14 unused Assets to reduce memory usage. Loaded Objects now: 2598.
Total: 2.640000 ms (FindLiveObjects: 0.369000 ms CreateObjectMapping: 0.130300 ms MarkObjects: 2.123000 ms  DeleteObjects: 0.016600 ms)

========================================================================
Received Import Request.
  Time since last request: 927.876048 seconds.
  path: Assets/Scripts/DemoTime.cs
  artifactKey: Guid(f7606aa315464da4f88e1f0383be7bd8) Importer(815301076,1909f56bfc062723c751e8b465ee728b)
Start importing Assets/Scripts/DemoTime.cs using Guid(f7606aa315464da4f88e1f0383be7bd8) Importer(815301076,1909f56bfc062723c751e8b465ee728b)  -> (artifact id: '54125c303075ebad3c1bdf28258e54f4') in 0.013561 seconds
  Import took 0.018491 seconds .

========================================================================
Received Prepare
Registering precompiled user dll's ...
Registered in 0.003408 seconds.
Begin MonoManager ReloadAssembly
Native extension for WindowsStandalone target not found
Native extension for WebGL target not found
Refreshing native plugins compatible for Editor in 0.63 ms, found 3 plugins.
Preloading 0 native plugins for Editor in 0.00 ms.
Mono: successfully reloaded assembly
- Completed reload, in  1.171 seconds
Platform modules already initialized, skipping
Refreshing native plugins compatible for Editor in 0.48 ms, found 3 plugins.
Preloading 0 native plugins for Editor in 0.00 ms.
Unloading 2094 Unused Serialized files (Serialized files now loaded: 0)
System memory in use before: 96.9 MB.
System memory in use after: 97.1 MB.

Unloading 14 unused Assets to reduce memory usage. Loaded Objects now: 2602.
Total: 3.309000 ms (FindLiveObjects: 0.416700 ms CreateObjectMapping: 0.148800 ms MarkObjects: 2.675300 ms  DeleteObjects: 0.066600 ms)

========================================================================
Received Import Request.
  Time since last request: 58.875633 seconds.
  path: Assets/Scripts/DemoTime.cs
  artifactKey: Guid(f7606aa315464da4f88e1f0383be7bd8) Importer(815301076,1909f56bfc062723c751e8b465ee728b)
Start importing Assets/Scripts/DemoTime.cs using Guid(f7606aa315464da4f88e1f0383be7bd8) Importer(815301076,1909f56bfc062723c751e8b465ee728b)  -> (artifact id: '8bdfc653bb3e3ca36d68e0e3e7c5e8ce') in 0.007318 seconds
  Import took 0.012120 seconds .

========================================================================
Received Import Request.
  Time since last request: 15.060754 seconds.
  path: Assets/Scripts/DemoTime.cs
  artifactKey: Guid(f7606aa315464da4f88e1f0383be7bd8) Importer(815301076,1909f56bfc062723c751e8b465ee728b)
Start importing Assets/Scripts/DemoTime.cs using Guid(f7606aa315464da4f88e1f0383be7bd8) Importer(815301076,1909f56bfc062723c751e8b465ee728b)  -> (artifact id: '9135b6faae54985b71834ec63aeba354') in 0.003357 seconds
  Import took 0.007938 seconds .

========================================================================
Received Prepare
Registering precompiled user dll's ...
Registered in 0.005299 seconds.
Begin MonoManager ReloadAssembly
Native extension for WindowsStandalone target not found
Native extension for WebGL target not found
Refreshing native plugins compatible for Editor in 0.40 ms, found 3 plugins.
Preloading 0 native plugins for Editor in 0.00 ms.
Mono: successfully reloaded assembly
- Completed reload, in  0.930 seconds
Platform modules already initialized, skipping
Refreshing native plugins compatible for Editor in 0.41 ms, found 3 plugins.
Preloading 0 native plugins for Editor in 0.00 ms.
Unloading 2094 Unused Serialized files (Serialized files now loaded: 0)
System memory in use before: 97.0 MB.
System memory in use after: 97.1 MB.

Unloading 14 unused Assets to reduce memory usage. Loaded Objects now: 2605.
Total: 2.407300 ms (FindLiveObjects: 0.308700 ms CreateObjectMapping: 0.102800 ms MarkObjects: 1.959100 ms  DeleteObjects: 0.035800 ms)

========================================================================
Received Prepare
Registering precompiled user dll's ...
Registered in 0.003942 seconds.
Begin MonoManager ReloadAssembly
Native extension for WindowsStandalone target not found
Native extension for WebGL target not found
Refreshing native plugins compatible for Editor in 0.47 ms, found 3 plugins.
Preloading 0 native plugins for Editor in 0.00 ms.
Mono: successfully reloaded assembly
- Completed reload, in  0.905 seconds
Platform modules already initialized, skipping
Refreshing native plugins compatible for Editor in 0.46 ms, found 3 plugins.
Preloading 0 native plugins for Editor in 0.00 ms.
Unloading 2094 Unused Serialized files (Serialized files now loaded: 0)
System memory in use before: 97.0 MB.
System memory in use after: 97.1 MB.

Unloading 14 unused Assets to reduce memory usage. Loaded Objects now: 2608.
Total: 2.300600 ms (FindLiveObjects: 0.360200 ms CreateObjectMapping: 0.111300 ms MarkObjects: 1.756300 ms  DeleteObjects: 0.071100 ms)

========================================================================
Received Prepare
Registering precompiled user dll's ...
Registered in 0.004449 seconds.
Begin MonoManager ReloadAssembly
Native extension for WindowsStandalone target not found
Native extension for WebGL target not found
Refreshing native plugins compatible for Editor in 0.45 ms, found 3 plugins.
Preloading 0 native plugins for Editor in 0.00 ms.
Mono: successfully reloaded assembly
- Completed reload, in  0.897 seconds
Platform modules already initialized, skipping
Refreshing native plugins compatible for Editor in 0.49 ms, found 3 plugins.
Preloading 0 native plugins for Editor in 0.00 ms.
Unloading 2094 Unused Serialized files (Serialized files now loaded: 0)
System memory in use before: 97.0 MB.
System memory in use after: 97.1 MB.

Unloading 14 unused Assets to reduce memory usage. Loaded Objects now: 2611.
Total: 2.532700 ms (FindLiveObjects: 0.397500 ms CreateObjectMapping: 0.212200 ms MarkObjects: 1.897400 ms  DeleteObjects: 0.024800 ms)

========================================================================
Received Prepare
Registering precompiled user dll's ...
Registered in 0.003523 seconds.
Begin MonoManager ReloadAssembly
Native extension for WindowsStandalone target not found
Native extension for WebGL target not found
Refreshing native plugins compatible for Editor in 0.40 ms, found 3 plugins.
Preloading 0 native plugins for Editor in 0.00 ms.
Mono: successfully reloaded assembly
- Completed reload, in  0.908 seconds
Platform modules already initialized, skipping
Refreshing native plugins compatible for Editor in 0.54 ms, found 3 plugins.
Preloading 0 native plugins for Editor in 0.00 ms.
Unloading 2094 Unused Serialized files (Serialized files now loaded: 0)
System memory in use before: 97.0 MB.
System memory in use after: 97.1 MB.

Unloading 14 unused Assets to reduce memory usage. Loaded Objects now: 2614.
Total: 2.729900 ms (FindLiveObjects: 0.445900 ms CreateObjectMapping: 0.129600 ms MarkObjects: 2.139900 ms  DeleteObjects: 0.013400 ms)

========================================================================
Received Prepare
Registering precompiled user dll's ...
Registered in 0.003294 seconds.
Begin MonoManager ReloadAssembly
Native extension for WindowsStandalone target not found
Native extension for WebGL target not found
Refreshing native plugins compatible for Editor in 0.43 ms, found 3 plugins.
Preloading 0 native plugins for Editor in 0.00 ms.
Mono: successfully reloaded assembly
- Completed reload, in  0.916 seconds
Platform modules already initialized, skipping
Refreshing native plugins compatible for Editor in 0.72 ms, found 3 plugins.
Preloading 0 native plugins for Editor in 0.00 ms.
Unloading 2094 Unused Serialized files (Serialized files now loaded: 0)
System memory in use before: 97.0 MB.
System memory in use after: 97.1 MB.

Unloading 14 unused Assets to reduce memory usage. Loaded Objects now: 2617.
Total: 2.554300 ms (FindLiveObjects: 0.299400 ms CreateObjectMapping: 0.132900 ms MarkObjects: 2.070100 ms  DeleteObjects: 0.050800 ms)

========================================================================
Received Prepare
Registering precompiled user dll's ...
Registered in 0.004046 seconds.
Begin MonoManager ReloadAssembly
Native extension for WindowsStandalone target not found
Native extension for WebGL target not found
Refreshing native plugins compatible for Editor in 0.41 ms, found 3 plugins.
Preloading 0 native plugins for Editor in 0.00 ms.
Mono: successfully reloaded assembly
- Completed reload, in  0.903 seconds
Platform modules already initialized, skipping
Refreshing native plugins compatible for Editor in 0.42 ms, found 3 plugins.
Preloading 0 native plugins for Editor in 0.00 ms.
Unloading 2094 Unused Serialized files (Serialized files now loaded: 0)
System memory in use before: 97.0 MB.
System memory in use after: 97.1 MB.

Unloading 14 unused Assets to reduce memory usage. Loaded Objects now: 2620.
Total: 2.514400 ms (FindLiveObjects: 0.323300 ms CreateObjectMapping: 0.138000 ms MarkObjects: 2.033300 ms  DeleteObjects: 0.017700 ms)

========================================================================
Received Prepare
Registering precompiled user dll's ...
Registered in 0.003562 seconds.
Begin MonoManager ReloadAssembly
Native extension for WindowsStandalone target not found
Native extension for WebGL target not found
Refreshing native plugins compatible for Editor in 0.47 ms, found 3 plugins.
Preloading 0 native plugins for Editor in 0.00 ms.
Mono: successfully reloaded assembly
- Completed reload, in  0.974 seconds
Platform modules already initialized, skipping
Refreshing native plugins compatible for Editor in 0.43 ms, found 3 plugins.
Preloading 0 native plugins for Editor in 0.00 ms.
Unloading 2094 Unused Serialized files (Serialized files now loaded: 0)
System memory in use before: 97.0 MB.
System memory in use after: 97.1 MB.

Unloading 14 unused Assets to reduce memory usage. Loaded Objects now: 2623.
Total: 2.338100 ms (FindLiveObjects: 0.296100 ms CreateObjectMapping: 0.083200 ms MarkObjects: 1.889400 ms  DeleteObjects: 0.067600 ms)

========================================================================
Received Import Request.
  Time since last request: 364.798097 seconds.
  path: Assets/Scenes/Demo.unity
  artifactKey: Guid(9ca44439d5b08cc4295f16829860a0b6) Importer(815301076,1909f56bfc062723c751e8b465ee728b)
Start importing Assets/Scenes/Demo.unity using Guid(9ca44439d5b08cc4295f16829860a0b6) Importer(815301076,1909f56bfc062723c751e8b465ee728b)  -> (artifact id: 'fb22837fab0d4d58753ee02623b38a0d') in 0.016457 seconds
  Import took 0.020560 seconds .

========================================================================
Received Import Request.
  Time since last request: 0.634558 seconds.
  path: Assets/Scenes/Demo 1.unity
  artifactKey: Guid(62a9cf2a58308954e915688031a1f7a8) Importer(815301076,1909f56bfc062723c751e8b465ee728b)
Start importing Assets/Scenes/Demo 1.unity using Guid(62a9cf2a58308954e915688031a1f7a8) Importer(815301076,1909f56bfc062723c751e8b465ee728b)  -> (artifact id: '5e712b254201c4ef840f49ca7395b2b2') in 0.008285 seconds
  Import took 0.012764 seconds .

========================================================================
Received Import Request.
  Time since last request: 8.840228 seconds.
  path: Assets/Scenes/ExplorationPhase.unity
  artifactKey: Guid(62a9cf2a58308954e915688031a1f7a8) Importer(815301076,1909f56bfc062723c751e8b465ee728b)
Start importing Assets/Scenes/ExplorationPhase.unity using Guid(62a9cf2a58308954e915688031a1f7a8) Importer(815301076,1909f56bfc062723c751e8b465ee728b)  -> (artifact id: '6e86ebb92e89f6c692b1d3265b255a3c') in 0.007145 seconds
  Import took 0.011160 seconds .

AssetImportWorkerClient::OnTransportError - code=2 error=End of file
